Arguments: 
  /Users/parth/.nvm/versions/node/v16.15.0/bin/node /Users/parth/.nvm/versions/node/v16.15.0/bin/yarn add typescript -D

PATH: 
  /Users/parth/.nvm/versions/node/v16.15.0/bin:/opt/homebrew/bin:/opt/homebrew/sbin:/usr/local/bin:/usr/bin:/bin:/usr/sbin:/sbin:/Users/parth/.nvm/versions/node/v16.15.0/bin:/opt/homebrew/bin:/opt/homebrew/sbin

Yarn version: 
  1.22.18

Node version: 
  16.15.0

Platform: 
  darwin arm64

Trace: 
  SyntaxError: /Users/parth/dal/a1/app1/package.json: Unexpected end of JSON input
      at JSON.parse (<anonymous>)
      at /Users/parth/.nvm/versions/node/v16.15.0/lib/node_modules/yarn/lib/cli.js:1625:59
      at Generator.next (<anonymous>)
      at step (/Users/parth/.nvm/versions/node/v16.15.0/lib/node_modules/yarn/lib/cli.js:310:30)
      at /Users/parth/.nvm/versions/node/v16.15.0/lib/node_modules/yarn/lib/cli.js:321:13

npm manifest: 
  

yarn manifest: 
  No manifest

Lockfile: 
  No lockfile
