Arguments: 
  /Users/parth/.nvm/versions/node/v14.19.3/bin/node /Users/parth/.yarn/bin/yarn.js init

PATH: 
  /Users/parth/.yarn/bin:/Users/parth/.config/yarn/global/node_modules/.bin:/Users/parth/.nvm/versions/node/v14.19.3/bin:/opt/homebrew/bin:/opt/homebrew/sbin:/usr/local/bin:/usr/bin:/bin:/usr/sbin:/sbin:/Library/Apple/usr/bin:/Users/parth/.yarn/bin:/Users/parth/.config/yarn/global/node_modules/.bin:/Users/parth/.nvm/versions/node/v14.19.3/bin:/opt/homebrew/bin:/opt/homebrew/sbin

Yarn version: 
  1.22.19

Node version: 
  14.19.3

Platform: 
  darwin x64

Trace: 
  Error: canceled
      at Interface.<anonymous> (/Users/parth/.yarn/lib/cli.js:137150:13)
      at Interface.emit (events.js:400:28)
      at Interface._ttyWrite (readline.js:1001:16)
      at ReadStream.onkeypress (readline.js:265:10)
      at ReadStream.emit (events.js:400:28)
      at emitKeys (internal/readline/utils.js:358:14)
      at emitKeys.next (<anonymous>)
      at ReadStream.onData (readline.js:1270:36)
      at ReadStream.emit (events.js:400:28)
      at addChunk (internal/streams/readable.js:293:12)

npm manifest: 
  No manifest

yarn manifest: 
  No manifest

Lockfile: 
  No lockfile
